This file contains any messages produced by compilers while
running configure, to aid debugging if configure makes a mistake.

It was created by configure, which was
generated by GNU Autoconf 2.61.  Invocation command line was

  $ ./configure 

## --------- ##
## Platform. ##
## --------- ##

hostname = localhost.localdomain
uname -m = i686
uname -r = 2.6.23.1-42.fc8
uname -s = Linux
uname -v = #1 SMP Tue Oct 30 13:55:12 EDT 2007

/usr/bin/uname -p = unknown
/bin/uname -X     = unknown

/bin/arch              = i686
/usr/bin/arch -k       = unknown
/usr/convex/getsysinfo = unknown
/usr/bin/hostinfo      = unknown
/bin/machine           = unknown
/usr/bin/oslevel       = unknown
/bin/universe          = unknown

PATH: /usr/kerberos/bin
PATH: /usr/lib/ccache
PATH: /usr/local/bin
PATH: /bin
PATH: /usr/bin
PATH: /home/lichen/bin
PATH: /opt/hndtools-mipsel-linux/bin


## ----------- ##
## Core tests. ##
## ----------- ##

configure:1714: checking whether make sets $(MAKE)
configure:1735: result: yes
configure:1792: checking for gcc
configure:1808: found /usr/lib/ccache/gcc
configure:1819: result: gcc
configure:2057: checking for C compiler version
configure:2064: gcc --version >&5
gcc (GCC) 4.1.2 20070925 (Red Hat 4.1.2-33)
Copyright (C) 2006 Free Software Foundation, Inc.
This is free software; see the source for copying conditions.  There is NO
warranty; not even for MERCHANTABILITY or FITNESS FOR A PARTICULAR PURPOSE.

configure:2067: $? = 0
configure:2074: gcc -v >&5
Using built-in specs.
Target: i386-redhat-linux
Configured with: ../configure --prefix=/usr --mandir=/usr/share/man --infodir=/usr/share/info --enable-shared --enable-threads=posix --enable-checking=release --with-system-zlib --enable-__cxa_atexit --disable-libunwind-exceptions --enable-languages=c,c++,objc,obj-c++,java,fortran,ada --enable-java-awt=gtk --disable-dssi --enable-plugin --with-java-home=/usr/lib/jvm/java-1.5.0-gcj-1.5.0.0/jre --enable-libgcj-multifile --enable-java-maintainer-mode --with-ecj-jar=/usr/share/java/eclipse-ecj.jar --with-cpu=generic --host=i386-redhat-linux
Thread model: posix
gcc version 4.1.2 20070925 (Red Hat 4.1.2-33)
configure:2077: $? = 0
configure:2084: gcc -V >&5
gcc: '-V' option must have argument
configure:2087: $? = 1
configure:2110: checking for C compiler default output file name
configure:2137: gcc    conftest.c  >&5
configure:2140: $? = 0
configure:2178: result: a.out
configure:2195: checking whether the C compiler works
configure:2205: ./a.out
configure:2208: $? = 0
configure:2225: result: yes
configure:2232: checking whether we are cross compiling
configure:2234: result: no
configure:2237: checking for suffix of executables
configure:2244: gcc -o conftest    conftest.c  >&5
configure:2247: $? = 0
configure:2271: result: 
configure:2277: checking for suffix of object files
configure:2303: gcc -c   conftest.c >&5
configure:2306: $? = 0
configure:2329: result: o
configure:2333: checking whether we are using the GNU C compiler
configure:2362: gcc -c   conftest.c >&5
configure:2368: $? = 0
configure:2385: result: yes
configure:2390: checking whether gcc accepts -g
configure:2420: gcc -c -g  conftest.c >&5
configure:2426: $? = 0
configure:2525: result: yes
configure:2542: checking for gcc option to accept ISO C89
configure:2616: gcc  -c -g -O2  conftest.c >&5
configure:2622: $? = 0
configure:2645: result: none needed
configure:2706: checking for ld
configure:2722: found /usr/bin/ld
configure:2733: result: ld
configure:2803: checking for a BSD-compatible install
configure:2859: result: /usr/bin/install -c
configure:2873: checking for dlopen in -ldl
configure:2908: gcc -o conftest -g -O2   conftest.c -ldl   >&5
configure:2914: $? = 0
configure:2932: result: yes
configure:2948: checking how to run the C preprocessor
configure:2988: gcc -E  conftest.c
configure:2994: $? = 0
configure:3025: gcc -E  conftest.c
conftest.c:9:28: error: ac_nonexistent.h: No such file or directory
configure:3031: $? = 1
configure: failed program was:
| /* confdefs.h.  */
| #define PACKAGE_NAME ""
| #define PACKAGE_TARNAME ""
| #define PACKAGE_VERSION ""
| #define PACKAGE_STRING ""
| #define PACKAGE_BUGREPORT ""
| #define HAVE_LIBDL 1
| /* end confdefs.h.  */
| #include <ac_nonexistent.h>
configure:3064: result: gcc -E
configure:3093: gcc -E  conftest.c
configure:3099: $? = 0
configure:3130: gcc -E  conftest.c
conftest.c:9:28: error: ac_nonexistent.h: No such file or directory
configure:3136: $? = 1
configure: failed program was:
| /* confdefs.h.  */
| #define PACKAGE_NAME ""
| #define PACKAGE_TARNAME ""
| #define PACKAGE_VERSION ""
| #define PACKAGE_STRING ""
| #define PACKAGE_BUGREPORT ""
| #define HAVE_LIBDL 1
| /* end confdefs.h.  */
| #include <ac_nonexistent.h>
configure:3174: checking for grep that handles long lines and -e
configure:3248: result: /bin/grep
configure:3253: checking for egrep
configure:3331: result: /bin/grep -E
configure:3336: checking for ANSI C header files
configure:3366: gcc -c -g -O2  conftest.c >&5
configure:3372: $? = 0
configure:3471: gcc -o conftest -g -O2   conftest.c -ldl  >&5
configure:3474: $? = 0
configure:3480: ./conftest
configure:3483: $? = 0
configure:3500: result: yes
configure:3524: checking for sys/types.h
configure:3545: gcc -c -g -O2  conftest.c >&5
configure:3551: $? = 0
configure:3567: result: yes
configure:3524: checking for sys/stat.h
configure:3545: gcc -c -g -O2  conftest.c >&5
configure:3551: $? = 0
configure:3567: result: yes
configure:3524: checking for stdlib.h
configure:3545: gcc -c -g -O2  conftest.c >&5
configure:3551: $? = 0
configure:3567: result: yes
configure:3524: checking for string.h
configure:3545: gcc -c -g -O2  conftest.c >&5
configure:3551: $? = 0
configure:3567: result: yes
configure:3524: checking for memory.h
configure:3545: gcc -c -g -O2  conftest.c >&5
configure:3551: $? = 0
configure:3567: result: yes
configure:3524: checking for strings.h
configure:3545: gcc -c -g -O2  conftest.c >&5
configure:3551: $? = 0
configure:3567: result: yes
configure:3524: checking for inttypes.h
configure:3545: gcc -c -g -O2  conftest.c >&5
configure:3551: $? = 0
configure:3567: result: yes
configure:3524: checking for stdint.h
configure:3545: gcc -c -g -O2  conftest.c >&5
configure:3551: $? = 0
configure:3567: result: yes
configure:3524: checking for unistd.h
configure:3545: gcc -c -g -O2  conftest.c >&5
configure:3551: $? = 0
configure:3567: result: yes
configure:3589: checking pcap.h usability
configure:3606: gcc -c -g -O2  conftest.c >&5
conftest.c:52:18: error: pcap.h: No such file or directory
configure:3612: $? = 1
configure: failed program was:
| /* confdefs.h.  */
| #define PACKAGE_NAME ""
| #define PACKAGE_TARNAME ""
| #define PACKAGE_VERSION ""
| #define PACKAGE_STRING ""
| #define PACKAGE_BUGREPORT ""
| #define HAVE_LIBDL 1
| #define STDC_HEADERS 1
| #define HAVE_SYS_TYPES_H 1
| #define HAVE_SYS_STAT_H 1
| #define HAVE_STDLIB_H 1
| #define HAVE_STRING_H 1
| #define HAVE_MEMORY_H 1
| #define HAVE_STRINGS_H 1
| #define HAVE_INTTYPES_H 1
| #define HAVE_STDINT_H 1
| #define HAVE_UNISTD_H 1
| /* end confdefs.h.  */
| #include <stdio.h>
| #ifdef HAVE_SYS_TYPES_H
| # include <sys/types.h>
| #endif
| #ifdef HAVE_SYS_STAT_H
| # include <sys/stat.h>
| #endif
| #ifdef STDC_HEADERS
| # include <stdlib.h>
| # include <stddef.h>
| #else
| # ifdef HAVE_STDLIB_H
| #  include <stdlib.h>
| # endif
| #endif
| #ifdef HAVE_STRING_H
| # if !defined STDC_HEADERS && defined HAVE_MEMORY_H
| #  include <memory.h>
| # endif
| # include <string.h>
| #endif
| #ifdef HAVE_STRINGS_H
| # include <strings.h>
| #endif
| #ifdef HAVE_INTTYPES_H
| # include <inttypes.h>
| #endif
| #ifdef HAVE_STDINT_H
| # include <stdint.h>
| #endif
| #ifdef HAVE_UNISTD_H
| # include <unistd.h>
| #endif
| #include <pcap.h>
configure:3626: result: no
configure:3630: checking pcap.h presence
configure:3645: gcc -E  conftest.c
conftest.c:19:18: error: pcap.h: No such file or directory
configure:3651: $? = 1
configure: failed program was:
| /* confdefs.h.  */
| #define PACKAGE_NAME ""
| #define PACKAGE_TARNAME ""
| #define PACKAGE_VERSION ""
| #define PACKAGE_STRING ""
| #define PACKAGE_BUGREPORT ""
| #define HAVE_LIBDL 1
| #define STDC_HEADERS 1
| #define HAVE_SYS_TYPES_H 1
| #define HAVE_SYS_STAT_H 1
| #define HAVE_STDLIB_H 1
| #define HAVE_STRING_H 1
| #define HAVE_MEMORY_H 1
| #define HAVE_STRINGS_H 1
| #define HAVE_INTTYPES_H 1
| #define HAVE_STDINT_H 1
| #define HAVE_UNISTD_H 1
| /* end confdefs.h.  */
| #include <pcap.h>
configure:3665: result: no
configure:3693: checking for pcap.h
configure:3700: result: no
configure:3718: checking for dirent.h that defines DIR
configure:3747: gcc -c -g -O2  conftest.c >&5
configure:3753: $? = 0
configure:3769: result: yes
configure:3782: checking for library containing opendir
configure:3823: gcc -o conftest -g -O2   conftest.c -ldl  >&5
configure:3829: $? = 0
configure:3857: result: none required
configure:3951: checking for ANSI C header files
configure:4115: result: yes
configure:4141: checking fcntl.h usability
configure:4158: gcc -c -g -O2  conftest.c >&5
configure:4164: $? = 0
configure:4178: result: yes
configure:4182: checking fcntl.h presence
configure:4197: gcc -E  conftest.c
configure:4203: $? = 0
configure:4217: result: yes
configure:4245: checking for fcntl.h
configure:4253: result: yes
configure:4131: checking for unistd.h
configure:4137: result: yes
configure:4267: checking for an ANSI C-conforming const
configure:4342: gcc -c -g -O2  conftest.c >&5
configure:4348: $? = 0
configure:4363: result: yes
configure:4373: checking for size_t
configure:4403: gcc -c -g -O2  conftest.c >&5
configure:4409: $? = 0
configure:4424: result: yes
configure:4436: checking whether struct tm is in sys/time.h or time.h
configure:4466: gcc -c -g -O2  conftest.c >&5
configure:4472: $? = 0
configure:4487: result: time.h
configure:4502: checking for vprintf
configure:4558: gcc -o conftest -g -O2   conftest.c -ldl  >&5
conftest.c:46: warning: conflicting types for built-in function 'vprintf'
configure:4564: $? = 0
configure:4582: result: yes
configure:4589: checking for _doprnt
configure:4645: gcc -o conftest -g -O2   conftest.c -ldl  >&5
/tmp/cccIXr4w.o: In function `main':
/home/lichen/Project/wg7116f22-lf-ak/src/router/ulogd/conftest.c:58: undefined reference to `_doprnt'
collect2: ld returned 1 exit status
configure:4651: $? = 1
configure: failed program was:
| /* confdefs.h.  */
| #define PACKAGE_NAME ""
| #define PACKAGE_TARNAME ""
| #define PACKAGE_VERSION ""
| #define PACKAGE_STRING ""
| #define PACKAGE_BUGREPORT ""
| #define HAVE_LIBDL 1
| #define STDC_HEADERS 1
| #define HAVE_SYS_TYPES_H 1
| #define HAVE_SYS_STAT_H 1
| #define HAVE_STDLIB_H 1
| #define HAVE_STRING_H 1
| #define HAVE_MEMORY_H 1
| #define HAVE_STRINGS_H 1
| #define HAVE_INTTYPES_H 1
| #define HAVE_STDINT_H 1
| #define HAVE_UNISTD_H 1
| #define HAVE_DIRENT_H 1
| #define STDC_HEADERS 1
| #define HAVE_FCNTL_H 1
| #define HAVE_UNISTD_H 1
| #define HAVE_VPRINTF 1
| /* end confdefs.h.  */
| /* Define _doprnt to an innocuous variant, in case <limits.h> declares _doprnt.
|    For example, HP-UX 11i <limits.h> declares gettimeofday.  */
| #define _doprnt innocuous__doprnt
| 
| /* System header to define __stub macros and hopefully few prototypes,
|     which can conflict with char _doprnt (); below.
|     Prefer <limits.h> to <assert.h> if __STDC__ is defined, since
|     <limits.h> exists even on freestanding compilers.  */
| 
| #ifdef __STDC__
| # include <limits.h>
| #else
| # include <assert.h>
| #endif
| 
| #undef _doprnt
| 
| /* Override any GCC internal prototype to avoid an error.
|    Use char because int might match the return type of a GCC
|    builtin and then its argument prototype would still apply.  */
| #ifdef __cplusplus
| extern "C"
| #endif
| char _doprnt ();
| /* The GNU C library defines this for functions which it implements
|     to always fail with ENOSYS.  Some functions are actually named
|     something starting with __ and the normal name is an alias.  */
| #if defined __stub__doprnt || defined __stub____doprnt
| choke me
| #endif
| 
| int
| main ()
| {
| return _doprnt ();
|   ;
|   return 0;
| }
configure:4668: result: no
configure:4687: checking for socket
configure:4743: gcc -o conftest -g -O2   conftest.c -ldl  >&5
configure:4749: $? = 0
configure:4767: result: yes
configure:4687: checking for strerror
configure:4743: gcc -o conftest -g -O2   conftest.c -ldl  >&5
configure:4749: $? = 0
configure:4767: result: yes
configure:5189: creating ./config.status

## ---------------------- ##
## Running config.status. ##
## ---------------------- ##

This file was extended by config.status, which was
generated by GNU Autoconf 2.61.  Invocation command line was

  CONFIG_FILES    = 
  CONFIG_HEADERS  = 
  CONFIG_LINKS    = 
  CONFIG_COMMANDS = 
  $ ./config.status 

on localhost.localdomain

config.status:610: creating extensions/Makefile
config.status:610: creating doc/Makefile
config.status:610: creating conffile/Makefile
config.status:610: creating libipulog/Makefile
config.status:610: creating mysql/Makefile
config.status:610: creating pgsql/Makefile
config.status:610: creating sqlite3/Makefile
config.status:610: creating pcap/Makefile
config.status:610: creating Makefile
config.status:610: creating Rules.make

## ---------------- ##
## Cache variables. ##
## ---------------- ##

ac_cv_c_compiler_gnu=yes
ac_cv_c_const=yes
ac_cv_env_CC_set=
ac_cv_env_CC_value=
ac_cv_env_CFLAGS_set=
ac_cv_env_CFLAGS_value=
ac_cv_env_CPPFLAGS_set=
ac_cv_env_CPPFLAGS_value=
ac_cv_env_CPP_set=
ac_cv_env_CPP_value=
ac_cv_env_LDFLAGS_set=
ac_cv_env_LDFLAGS_value=
ac_cv_env_LIBS_set=
ac_cv_env_LIBS_value=
ac_cv_env_build_alias_set=
ac_cv_env_build_alias_value=
ac_cv_env_host_alias_set=
ac_cv_env_host_alias_value=
ac_cv_env_target_alias_set=
ac_cv_env_target_alias_value=
ac_cv_func__doprnt=no
ac_cv_func_socket=yes
ac_cv_func_strerror=yes
ac_cv_func_vprintf=yes
ac_cv_header_dirent_dirent_h=yes
ac_cv_header_fcntl_h=yes
ac_cv_header_inttypes_h=yes
ac_cv_header_memory_h=yes
ac_cv_header_pcap_h=no
ac_cv_header_stdc=yes
ac_cv_header_stdint_h=yes
ac_cv_header_stdlib_h=yes
ac_cv_header_string_h=yes
ac_cv_header_strings_h=yes
ac_cv_header_sys_stat_h=yes
ac_cv_header_sys_types_h=yes
ac_cv_header_unistd_h=yes
ac_cv_lib_dl_dlopen=yes
ac_cv_objext=o
ac_cv_path_EGREP='/bin/grep -E'
ac_cv_path_GREP=/bin/grep
ac_cv_path_install='/usr/bin/install -c'
ac_cv_prog_CPP='gcc -E'
ac_cv_prog_ac_ct_CC=gcc
ac_cv_prog_ac_ct_LD=ld
ac_cv_prog_cc_c89=
ac_cv_prog_cc_g=yes
ac_cv_prog_make_make_set=yes
ac_cv_search_opendir='none required'
ac_cv_struct_tm=time.h
ac_cv_type_size_t=yes

## ----------------- ##
## Output variables. ##
## ----------------- ##

CC='gcc'
CFLAGS='-g -O2'
CPP='gcc -E'
CPPFLAGS=''
DATABASE_DIR=''
DATABASE_DRIVERS=''
DATABASE_LIB=''
DATABASE_LIB_DIR=''
DB_DEF=''
DEFS='-DPACKAGE_NAME=\"\" -DPACKAGE_TARNAME=\"\" -DPACKAGE_VERSION=\"\" -DPACKAGE_STRING=\"\" -DPACKAGE_BUGREPORT=\"\" -DHAVE_LIBDL=1 -DSTDC_HEADERS=1 -DHAVE_SYS_TYPES_H=1 -DHAVE_SYS_STAT_H=1 -DHAVE_STDLIB_H=1 -DHAVE_STRING_H=1 -DHAVE_MEMORY_H=1 -DHAVE_STRINGS_H=1 -DHAVE_INTTYPES_H=1 -DHAVE_STDINT_H=1 -DHAVE_UNISTD_H=1 -DHAVE_DIRENT_H=1 -DSTDC_HEADERS=1 -DHAVE_FCNTL_H=1 -DHAVE_UNISTD_H=1 -DHAVE_VPRINTF=1 -DHAVE_SOCKET=1 -DHAVE_STRERROR=1'
ECHO_C=''
ECHO_N='-n'
ECHO_T=''
EGREP='/bin/grep -E'
EXEEXT=''
EXTRA_MYSQL_DEF=''
EXTRA_PGSQL_DEF=''
EXTRA_SQLITE3_DEF=''
GREP='/bin/grep'
HAVE_MYSQL_FALSE=''
HAVE_MYSQL_TRUE='#'
HAVE_PCAP_H=''
HAVE_PGSQL_FALSE=''
HAVE_PGSQL_TRUE='#'
HAVE_SQLITE3_FALSE=''
HAVE_SQLITE3_TRUE='#'
INSTALL_DATA='${INSTALL} -m 644'
INSTALL_PROGRAM='${INSTALL}'
INSTALL_SCRIPT='${INSTALL}'
LD='ld'
LDFLAGS=''
LIBOBJS=''
LIBS='-ldl '
LTLIBOBJS=''
MYSQLINCLUDES=''
MYSQL_LIB=''
OBJEXT='o'
PACKAGE_BUGREPORT=''
PACKAGE_NAME=''
PACKAGE_STRING=''
PACKAGE_TARNAME=''
PACKAGE_VERSION=''
PATH_SEPARATOR=':'
PGSQLINCLUDES=''
PGSQL_LIB=''
SET_MAKE=''
SHELL='/bin/sh'
SQLITE3INCLUDES=''
SQLITE3_LIB=''
ac_ct_CC='gcc'
bindir='${exec_prefix}/bin'
build_alias=''
datadir='${datarootdir}'
datarootdir='${prefix}/share'
docdir='${datarootdir}/doc/${PACKAGE}'
dvidir='${docdir}'
exec_prefix='${prefix}'
host_alias=''
htmldir='${docdir}'
includedir='${prefix}/include'
infodir='${datarootdir}/info'
libdir='${exec_prefix}/lib'
libexecdir='${exec_prefix}/libexec'
localedir='${datarootdir}/locale'
localstatedir='${prefix}/var'
mandir='${datarootdir}/man'
oldincludedir='/usr/include'
pdfdir='${docdir}'
prefix='/usr/local'
program_transform_name='s,x,x,'
psdir='${docdir}'
sbindir='${exec_prefix}/sbin'
sharedstatedir='${prefix}/com'
sysconfdir='${prefix}/etc'
target_alias=''

## ----------- ##
## confdefs.h. ##
## ----------- ##

#define PACKAGE_NAME ""
#define PACKAGE_TARNAME ""
#define PACKAGE_VERSION ""
#define PACKAGE_STRING ""
#define PACKAGE_BUGREPORT ""
#define HAVE_LIBDL 1
#define STDC_HEADERS 1
#define HAVE_SYS_TYPES_H 1
#define HAVE_SYS_STAT_H 1
#define HAVE_STDLIB_H 1
#define HAVE_STRING_H 1
#define HAVE_MEMORY_H 1
#define HAVE_STRINGS_H 1
#define HAVE_INTTYPES_H 1
#define HAVE_STDINT_H 1
#define HAVE_UNISTD_H 1
#define HAVE_DIRENT_H 1
#define STDC_HEADERS 1
#define HAVE_FCNTL_H 1
#define HAVE_UNISTD_H 1
#define HAVE_VPRINTF 1
#define HAVE_SOCKET 1
#define HAVE_STRERROR 1

configure: exit 0
